Added Component: Designator=C1_RST(CAP_0603)
Add component (AddParameter): Name = "capaticanse"; Value = "100nf"; VariantName = "[No Variations]"
Add component (AddParameter): Name = "ComponentLink1Description"; Value = "digikey"; VariantName = "[No Variations]"
Add component (AddParameter): Name = "ComponentLink1URL"; Value = "https://www.digikey.com/en/products/detail/kyocera-avx/06033C104K4T2A/8019250"; VariantName = "[No Variations]"
Added Component: Designator=C1(Board To Board Connector)
Add component (AddParameter): Name = "ComponentLink1Description"; Value = "Digikey"; VariantName = "[No Variations]"
Add component (AddParameter): Name = "ComponentLink1URL"; Value = "https://www.digikey.com/en/products/detail/hirose-electric-co-ltd/FX10A-96S-SV/2041894"; VariantName = "[No Variations]"
Add component (AddParameter): Name = "Digikey Part Number"; Value = "H122463-ND"; VariantName = "[No Variations]"
Added Component: Designator=C2(CAP_0603)
Add component (AddParameter): Name = "capaticanse"; Value = "100nf"; VariantName = "[No Variations]"
Add component (AddParameter): Name = "ComponentLink1Description"; Value = "digikey"; VariantName = "[No Variations]"
Add component (AddParameter): Name = "ComponentLink1URL"; Value = "https://www.digikey.com/en/products/detail/kyocera-avx/06033C104K4T2A/8019250"; VariantName = "[No Variations]"
Added Component: Designator=C3(CAP_0603)
Add component (AddParameter): Name = "capaticanse"; Value = "100nf"; VariantName = "[No Variations]"
Add component (AddParameter): Name = "ComponentLink1Description"; Value = "digikey"; VariantName = "[No Variations]"
Add component (AddParameter): Name = "ComponentLink1URL"; Value = "https://www.digikey.com/en/products/detail/kyocera-avx/06033C104K4T2A/8019250"; VariantName = "[No Variations]"
Added Component: Designator=C4(CAP_0603)
Add component (AddParameter): Name = "capaticanse"; Value = "1uf"; VariantName = "[No Variations]"
Add component (AddParameter): Name = "ComponentLink1Description"; Value = "digikey"; VariantName = "[No Variations]"
Add component (AddParameter): Name = "ComponentLink1URL"; Value = "https://www.digikey.com/en/products/detail/samsung-electro-mechanics/CL10B105KO8NNNC/3886677"; VariantName = "[No Variations]"
Add component (AddParameter): Name = "DigiKey part number"; Value = "1276-1019-2-ND"; VariantName = "[No Variations]"
Added Component: Designator=C5(CAP_0603)
Add component (AddParameter): Name = "capaticanse"; Value = "100nf"; VariantName = "[No Variations]"
Add component (AddParameter): Name = "ComponentLink1Description"; Value = "digikey"; VariantName = "[No Variations]"
Add component (AddParameter): Name = "ComponentLink1URL"; Value = "https://www.digikey.com/en/products/detail/kyocera-avx/06033C104K4T2A/8019250"; VariantName = "[No Variations]"
Added Component: Designator=C6(CAP_0603)
Add component (AddParameter): Name = "capaticanse"; Value = "100nf"; VariantName = "[No Variations]"
Add component (AddParameter): Name = "ComponentLink1Description"; Value = "digikey"; VariantName = "[No Variations]"
Add component (AddParameter): Name = "ComponentLink1URL"; Value = "https://www.digikey.com/en/products/detail/kyocera-avx/06033C104K4T2A/8019250"; VariantName = "[No Variations]"
Added Component: Designator=C7(CAP_0603)
Add component (AddParameter): Name = "capaticanse"; Value = "1uf"; VariantName = "[No Variations]"
Add component (AddParameter): Name = "ComponentLink1Description"; Value = "digikey"; VariantName = "[No Variations]"
Add component (AddParameter): Name = "ComponentLink1URL"; Value = "https://www.digikey.com/en/products/detail/samsung-electro-mechanics/CL10B105KO8NNNC/3886677"; VariantName = "[No Variations]"
Add component (AddParameter): Name = "DigiKey part number"; Value = "1276-1019-2-ND"; VariantName = "[No Variations]"
Added Component: Designator=C8(CAP_0603)
Add component (AddParameter): Name = "capaticanse"; Value = "100nf"; VariantName = "[No Variations]"
Add component (AddParameter): Name = "ComponentLink1Description"; Value = "digikey"; VariantName = "[No Variations]"
Add component (AddParameter): Name = "ComponentLink1URL"; Value = "https://www.digikey.com/en/products/detail/kyocera-avx/06033C104K4T2A/8019250"; VariantName = "[No Variations]"
Added Component: Designator=C9(CAP_0603)
Add component (AddParameter): Name = "capaticanse"; Value = "100nf"; VariantName = "[No Variations]"
Add component (AddParameter): Name = "ComponentLink1Description"; Value = "digikey"; VariantName = "[No Variations]"
Add component (AddParameter): Name = "ComponentLink1URL"; Value = "https://www.digikey.com/en/products/detail/kyocera-avx/06033C104K4T2A/8019250"; VariantName = "[No Variations]"
Added Component: Designator=C10(CAP_0603)
Add component (AddParameter): Name = "capaticanse"; Value = "100nf"; VariantName = "[No Variations]"
Add component (AddParameter): Name = "ComponentLink1Description"; Value = "digikey"; VariantName = "[No Variations]"
Add component (AddParameter): Name = "ComponentLink1URL"; Value = "https://www.digikey.com/en/products/detail/kyocera-avx/06033C104K4T2A/8019250"; VariantName = "[No Variations]"
Added Component: Designator=C11(CAP_0805)
Add component (AddParameter): Name = "capaticanse"; Value = "4.7uf"; VariantName = "[No Variations]"
Add component (AddParameter): Name = "ComponentLink1Description"; Value = "digikey"; VariantName = "[No Variations]"
Add component (AddParameter): Name = "ComponentLink1URL"; Value = "https://www.digikey.com/en/products/detail/kemet/C0805C475K3PAC7800/1950665"; VariantName = "[No Variations]"
Added Component: Designator=C12(CAP_0603)
Add component (AddParameter): Name = "capaticanse"; Value = "100nf"; VariantName = "[No Variations]"
Add component (AddParameter): Name = "ComponentLink1Description"; Value = "digikey"; VariantName = "[No Variations]"
Add component (AddParameter): Name = "ComponentLink1URL"; Value = "https://www.digikey.com/en/products/detail/kyocera-avx/06033C104K4T2A/8019250"; VariantName = "[No Variations]"
Added Component: Designator=C13(CAP_0603)
Add component (AddParameter): Name = "capaticanse"; Value = "100nf"; VariantName = "[No Variations]"
Add component (AddParameter): Name = "ComponentLink1Description"; Value = "digikey"; VariantName = "[No Variations]"
Add component (AddParameter): Name = "ComponentLink1URL"; Value = "https://www.digikey.com/en/products/detail/kyocera-avx/06033C104K4T2A/8019250"; VariantName = "[No Variations]"
Added Component: Designator=C14(CAP_0603)
Add component (AddParameter): Name = "capaticanse"; Value = "100nf"; VariantName = "[No Variations]"
Add component (AddParameter): Name = "ComponentLink1Description"; Value = "digikey"; VariantName = "[No Variations]"
Add component (AddParameter): Name = "ComponentLink1URL"; Value = "https://www.digikey.com/en/products/detail/kyocera-avx/06033C104K4T2A/8019250"; VariantName = "[No Variations]"
Added Component: Designator=C15(CAP_0603)
Add component (AddParameter): Name = "capaticanse"; Value = "100nf"; VariantName = "[No Variations]"
Add component (AddParameter): Name = "ComponentLink1Description"; Value = "digikey"; VariantName = "[No Variations]"
Add component (AddParameter): Name = "ComponentLink1URL"; Value = "https://www.digikey.com/en/products/detail/kyocera-avx/06033C104K4T2A/8019250"; VariantName = "[No Variations]"
Added Component: Designator=C16(CAP_0603)
Add component (AddParameter): Name = "capaticanse"; Value = "100nf"; VariantName = "[No Variations]"
Add component (AddParameter): Name = "ComponentLink1Description"; Value = "digikey"; VariantName = "[No Variations]"
Add component (AddParameter): Name = "ComponentLink1URL"; Value = "https://www.digikey.com/en/products/detail/kyocera-avx/06033C104K4T2A/8019250"; VariantName = "[No Variations]"
Added Component: Designator=C17(CAP_0603)
Add component (AddParameter): Name = "capaticanse"; Value = "100nf"; VariantName = "[No Variations]"
Add component (AddParameter): Name = "ComponentLink1Description"; Value = "digikey"; VariantName = "[No Variations]"
Add component (AddParameter): Name = "ComponentLink1URL"; Value = "https://www.digikey.com/en/products/detail/kyocera-avx/06033C104K4T2A/8019250"; VariantName = "[No Variations]"
Added Component: Designator=C18(CAP_0603)
Add component (AddParameter): Name = "capaticanse"; Value = "2.2uF"; VariantName = "[No Variations]"
Add component (AddParameter): Name = "ComponentLink1Description"; Value = "Digikey"; VariantName = "[No Variations]"
Add component (AddParameter): Name = "ComponentLink1URL"; Value = "https://www.digikey.com/en/products/detail/murata-electronics/GRM188C71C225KE11D/4905311"; VariantName = "[No Variations]"
Add component (AddParameter): Name = "Digikey Part Number"; Value = "490-12731-1-ND"; VariantName = "[No Variations]"
Added Component: Designator=C19(CAP_0603)
Add component (AddParameter): Name = "capaticanse"; Value = "100nf"; VariantName = "[No Variations]"
Add component (AddParameter): Name = "ComponentLink1Description"; Value = "digikey"; VariantName = "[No Variations]"
Add component (AddParameter): Name = "ComponentLink1URL"; Value = "https://www.digikey.com/en/products/detail/kyocera-avx/06033C104K4T2A/8019250"; VariantName = "[No Variations]"
Added Component: Designator=C20(CAP_0603)
Add component (AddParameter): Name = "capaticanse"; Value = "2.2uF"; VariantName = "[No Variations]"
Add component (AddParameter): Name = "ComponentLink1Description"; Value = "Digikey"; VariantName = "[No Variations]"
Add component (AddParameter): Name = "ComponentLink1URL"; Value = "https://www.digikey.com/en/products/detail/murata-electronics/GRM188C71C225KE11D/4905311"; VariantName = "[No Variations]"
Add component (AddParameter): Name = "Digikey Part Number"; Value = "490-12731-1-ND"; VariantName = "[No Variations]"
Added Component: Designator=C21(CAP_0603)
Add component (AddParameter): Name = "capaticanse"; Value = "100nf"; VariantName = "[No Variations]"
Add component (AddParameter): Name = "ComponentLink1Description"; Value = "digikey"; VariantName = "[No Variations]"
Add component (AddParameter): Name = "ComponentLink1URL"; Value = "https://www.digikey.com/en/products/detail/kyocera-avx/06033C104K4T2A/8019250"; VariantName = "[No Variations]"
Added Component: Designator=C22(CAP_0603)
Add component (AddParameter): Name = "capaticanse"; Value = "100nf"; VariantName = "[No Variations]"
Add component (AddParameter): Name = "ComponentLink1Description"; Value = "digikey"; VariantName = "[No Variations]"
Add component (AddParameter): Name = "ComponentLink1URL"; Value = "https://www.digikey.com/en/products/detail/kyocera-avx/06033C104K4T2A/8019250"; VariantName = "[No Variations]"
Added Component: Designator=C23(CAP_0603)
Add component (AddParameter): Name = "capaticanse"; Value = "100nf"; VariantName = "[No Variations]"
Add component (AddParameter): Name = "ComponentLink1Description"; Value = "digikey"; VariantName = "[No Variations]"
Add component (AddParameter): Name = "ComponentLink1URL"; Value = "https://www.digikey.com/en/products/detail/kyocera-avx/06033C104K4T2A/8019250"; VariantName = "[No Variations]"
Added Component: Designator=C24(10 Position SMT Connector)
Add component (AddParameter): Name = "ComponentLink1Description"; Value = "DigiKey Link"; VariantName = "[No Variations]"
Add component (AddParameter): Name = "ComponentLink1URL"; Value = "https://www.digikey.com/en/products/detail/samtec-inc/FTSH-105-01-F-DV-K/2649974"; VariantName = "[No Variations]"
Add component (AddParameter): Name = "ComponentLink2Description"; Value = "MOUSER Link"; VariantName = "[No Variations]"
Add component (AddParameter): Name = "ComponentLink2URL"; Value = "https://eu.mouser.com/ProductDetail/Samtec/FTSH-105-01-L-DV-K-P-TR?qs=fnpEE5GccuMUjCRgxv4voQ%3D%3D"; VariantName = "[No Variations]"
Add component (AddParameter): Name = "DigiKey Part Number"; Value = "SAM8796-ND"; VariantName = "[No Variations]"
Add component (AddParameter): Name = "MOUSER Part Number"; Value = "200-FTSH10501LDVKPTR"; VariantName = "[No Variations]"
Added Component: Designator=C25(Board To Board Connector)
Add component (AddParameter): Name = "ComponentLink1Description"; Value = "Digikey"; VariantName = "[No Variations]"
Add component (AddParameter): Name = "ComponentLink1URL"; Value = "https://www.digikey.com/en/products/detail/hirose-electric-co-ltd/FX10A-96S-SV/2041894"; VariantName = "[No Variations]"
Add component (AddParameter): Name = "Digikey Part Number"; Value = "H122463-ND"; VariantName = "[No Variations]"
Added Component: Designator=IC1(TSQFP50P2260X2260X160-144N)
Add component (AddParameter): Name = "ComponentLink1Description"; Value = "Supplier 2 Link"; VariantName = "[No Variations]"
Add component (AddParameter): Name = "ComponentLink1URL"; Value = "https://www.digikey.com/en/products/detail/stmicroelectronics/STM32F407ZGT7/4357413?s=N4IgTCBcDaIMoBUCyBmMAxALABgOwC0BxBXEAXQF8g"; VariantName = "[No Variations]"
Add component (AddParameter): Name = "ComponentLink2Description"; Value = "Supplier 1 Link"; VariantName = "[No Variations]"
Add component (AddParameter): Name = "ComponentLink2URL"; Value = "https://eu.mouser.com/ProductDetail/STMicroelectronics/STM32F407ZGT7?qs=%2F%2FVjtefuLz5lDAduqBtUGQ%3D%3D"; VariantName = "[No Variations]"
Add component (AddParameter): Name = "Supplier 1"; Value = "Mouser"; VariantName = "[No Variations]"
Add component (AddParameter): Name = "Supplier 2"; Value = "DigiKey"; VariantName = "[No Variations]"
Add component (AddParameter): Name = "Supplier 2 Part Number"; Value = "497-17439-ND"; VariantName = "[No Variations]"
Add component (AddParameter): Name = "Supplier Part Number 1"; Value = "511-STM32F407ZGT7"; VariantName = "[No Variations]"
Add Component: Footprint Not Found Tactile Switch
Added Component: Designator=TP1(TestPoint)
Added Component: Designator=TP2(TestPoint)
Added Component: Designator=TP3(TestPoint)
Added Component: Designator=TP4(TestPoint)
Added Component: Designator=TP5(TestPoint)
Added Component: Designator=TP6(TestPoint)
Added Component: Designator=TP8(TestPoint)
Added Component: Designator=TP9(TestPoint)
Added Component: Designator=TP10(TestPoint)
Added Component: Designator=TP11(TestPoint)
Added Component: Designator=TP12(TestPoint)
Added Component: Designator=TP14(TestPoint)
Added Component: Designator=TP15(TestPoint)
Added Component: Designator=TP16(TestPoint)
Added Component: Designator=TP17(TestPoint)
Added Component: Designator=TP18(TestPoint)
Added Component: Designator=TP24(TestPoint)
Added Component: Designator=TP25(TestPoint)
Added Component: Designator=TP26(TestPoint)
Added Component: Designator=TP27(TestPoint)
Added Component: Designator=TP28(TestPoint)
Added Component: Designator=TP30(TestPoint)
Added Component: Designator=TP31(TestPoint)
Added Component: Designator=TP32(TestPoint)
Added Component: Designator=TP33(TestPoint)
Added Component: Designator=TP35(TestPoint)
Added Component: Designator=TP36(TestPoint)
Added Component: Designator=TP37(TestPoint)
Added Component: Designator=TP38(TestPoint)
Added Component: Designator=TP39(TestPoint)
Added Component: Designator=TP40(TestPoint)
Added Component: Designator=TP41(TestPoint)
Added Component: Designator=TP42(TestPoint)
Added Component: Designator=TP43(TestPoint)
Added Component: Designator=TP44(TestPoint)
Added Component: Designator=TP46(TestPoint)
Added Component: Designator=TP47(TestPoint)
Added Component: Designator=TP48(TestPoint)
Added Component: Designator=TP49(TestPoint)
Added Component: Designator=TP50(TestPoint)
Added Component: Designator=TP52(TestPoint)
Added Component: Designator=TP53(TestPoint)
Added Component: Designator=TP54(TestPoint)
Added Component: Designator=TP55(TestPoint)
Added Component: Designator=TP56(TestPoint)
Added Component: Designator=TP62(TestPoint)
Added Component: Designator=TP63(TestPoint)
Added Component: Designator=TP64(TestPoint)
Added Component: Designator=TP65(TestPoint)
Added Component: Designator=TP66(TestPoint)
Added Component: Designator=TP68(TestPoint)
Added Component: Designator=TP69(TestPoint)
Added Component: Designator=TP70(TestPoint)
Added Component: Designator=TP71(TestPoint)
Added Component: Designator=TP73(TestPoint)
Added Component: Designator=TP74(TestPoint)
Added Component: Designator=TP75(TestPoint)
Added Component: Designator=TP76(TestPoint)
Added Component: Designator=TP77(TestPoint)
Added Component: Designator=TP78(TestPoint)
Added Component: Designator=TP79(TestPoint)
Added Component: Designator=TP80(TestPoint)
Added Component: Designator=TP81(TestPoint)
Added Component: Designator=TP82(TestPoint)
Added Component: Designator=TP84(TestPoint)
Added Component: Designator=TP85(TestPoint)
Added Component: Designator=TP86(TestPoint)
Added Component: Designator=TP87(TestPoint)
Added Component: Designator=TP88(TestPoint)
Added Component: Designator=TP90(TestPoint)
Added Component: Designator=TP91(TestPoint)
Added Component: Designator=TP92(TestPoint)
Added Component: Designator=TP93(TestPoint)
Added Component: Designator=TP94(TestPoint)
Added Component: Designator=TP100(TestPoint)
Added Component: Designator=TP101(TestPoint)
Added Component: Designator=TP102(TestPoint)
Added Component: Designator=TP103(TestPoint)
Added Component: Designator=TP104(TestPoint)
Added Component: Designator=TP106(TestPoint)
Added Component: Designator=TP107(TestPoint)
Added Component: Designator=TP108(TestPoint)
Added Component: Designator=TP109(TestPoint)
Added Component: Designator=TP111(TestPoint)
Added Component: Designator=TP112(TestPoint)
Added Component: Designator=TP113(TestPoint)
Added Component: Designator=TP114(TestPoint)
Added Component: Designator=TP115(TestPoint)
Added Component: Designator=TP116(TestPoint)
Added Component: Designator=TP117(TestPoint)
Added Component: Designator=TP118(TestPoint)
Added Component: Designator=TP119(TestPoint)
Added Component: Designator=TP120(TestPoint)
Added Component: Designator=TP122(TestPoint)
Added Component: Designator=TP123(TestPoint)
Added Component: Designator=TP124(TestPoint)
Added Component: Designator=TP125(TestPoint)
Added Component: Designator=TP126(TestPoint)
Added Component: Designator=TP128(TestPoint)
Added Component: Designator=TP129(TestPoint)
Added Component: Designator=TP130(TestPoint)
Added Component: Designator=TP131(TestPoint)
Added Component: Designator=TP132(TestPoint)
Added Component: Designator=TP138(TestPoint)
Added Component: Designator=TP139(TestPoint)
Added Component: Designator=TP140(TestPoint)
Added Component: Designator=TP141(TestPoint)
Added Component: Designator=TP142(TestPoint)
Added Component: Designator=TP144(TestPoint)
Added Component: Designator=TP145(TestPoint)
Added Component: Designator=TP146(TestPoint)
Added Component: Designator=TP149(TestPoint)
Added Component: Designator=TP150(TestPoint)
Added Component: Designator=TP151(TestPoint)
Added Component: Designator=TP152(TestPoint)
Added Component: Designator=XTAL1(XTAL-SMD)
Add component (AddParameter): Name = "ComponentLink1Description"; Value = "DigiKey"; VariantName = "[No Variations]"
Add component (AddParameter): Name = "ComponentLink1URL"; Value = "https://www.digikey.com/en/products/detail/ndk-america-inc/STDCSU1-8M/1788472"; VariantName = "[No Variations]"
Add component (AddParameter): Name = "DigiKey Part Number"; Value = "644-STDCSU1-8MTR-ND"; VariantName = "[No Variations]"
Add component (AddParameter): Name = "frequency"; Value = "8MHz"; VariantName = "[No Variations]"
Added Component: Designator=XTAL_C1(CAP_0402)
Add component (AddParameter): Name = "capacitanse"; Value = "6pF"; VariantName = "[No Variations]"
Add component (AddParameter): Name = "ComponentLink1Description"; Value = "DigiKey"; VariantName = "[No Variations]"
Add component (AddParameter): Name = "ComponentLink1URL"; Value = "https://www.digikey.com/en/products/detail/murata-electronics/GRM0225C1E6R0WA03L/6048032"; VariantName = "[No Variations]"
Add component (AddParameter): Name = "DigiKey Part Number"; Value = "490-13636-2-ND"; VariantName = "[No Variations]"
Added Component: Designator=XTAL_C2(CAP_0402)
Add component (AddParameter): Name = "capacitanse"; Value = "6pF"; VariantName = "[No Variations]"
Add component (AddParameter): Name = "ComponentLink1Description"; Value = "DigiKey"; VariantName = "[No Variations]"
Add component (AddParameter): Name = "ComponentLink1URL"; Value = "https://www.digikey.com/en/products/detail/murata-electronics/GRM0225C1E6R0WA03L/6048032"; VariantName = "[No Variations]"
Add component (AddParameter): Name = "DigiKey Part Number"; Value = "490-13636-2-ND"; VariantName = "[No Variations]"
Added Component: Designator=XTAL_R1(RES_0603)
Add component (AddParameter): Name = "ComponentLink1Description"; Value = "DigiKey"; VariantName = "[No Variations]"
Add component (AddParameter): Name = "ComponentLink1URL"; Value = "https://www.digikey.com/en/products/detail/stackpole-electronics-inc/RMCF0603ZT0R00/1756908"; VariantName = "[No Variations]"
Add component (AddParameter): Name = "resistance"; Value = "0 OHM Jump"; VariantName = "[No Variations]"
Add component (AddParameter): Name = "Supplier 1"; Value = "Arrow Electronics"; VariantName = "[No Variations]"
Add component (AddParameter): Name = "Supplier Part Number 1"; Value = "RMCF0603ZT0R00"; VariantName = "[No Variations]"
Added Pin To Net: NetName=3V3_uC Pin=C1-A1
Added Pin To Net: NetName=3V3_uC Pin=C1-A2
Added Pin To Net: NetName=3V3_uC Pin=C1-A3
Added Pin To Net: NetName=3V3_uC Pin=C1-A4
Added Pin To Net: NetName=3V3_uC Pin=C1-A5
Added Pin To Net: NetName=3V3_uC Pin=C1-A44
Added Pin To Net: NetName=3V3_uC Pin=C1-A45
Added Pin To Net: NetName=3V3_uC Pin=C1-A46
Added Pin To Net: NetName=3V3_uC Pin=C1-A47
Added Pin To Net: NetName=3V3_uC Pin=C1-A48
Added Pin To Net: NetName=3V3_uC Pin=C1-B1
Added Pin To Net: NetName=3V3_uC Pin=C1-B2
Added Pin To Net: NetName=3V3_uC Pin=C1-B3
Added Pin To Net: NetName=3V3_uC Pin=C1-B4
Added Pin To Net: NetName=3V3_uC Pin=C1-B5
Added Pin To Net: NetName=3V3_uC Pin=C1-B44
Added Pin To Net: NetName=3V3_uC Pin=C1-B45
Added Pin To Net: NetName=3V3_uC Pin=C1-B46
Added Pin To Net: NetName=3V3_uC Pin=C1-B47
Added Pin To Net: NetName=3V3_uC Pin=C1-B48
Added Pin To Net: NetName=3V3_uC Pin=C2-2
Added Pin To Net: NetName=3V3_uC Pin=C3-2
Added Pin To Net: NetName=3V3_uC Pin=C4-2
Added Pin To Net: NetName=3V3_uC Pin=C5-2
Added Pin To Net: NetName=3V3_uC Pin=C6-2
Added Pin To Net: NetName=3V3_uC Pin=C7-2
Added Pin To Net: NetName=3V3_uC Pin=C8-2
Added Pin To Net: NetName=3V3_uC Pin=C9-2
Added Pin To Net: NetName=3V3_uC Pin=C11-2
Added Pin To Net: NetName=3V3_uC Pin=C12-2
Added Pin To Net: NetName=3V3_uC Pin=C13-2
Added Pin To Net: NetName=3V3_uC Pin=C14-2
Added Pin To Net: NetName=3V3_uC Pin=C15-2
Added Pin To Net: NetName=3V3_uC Pin=C16-2
Added Pin To Net: NetName=3V3_uC Pin=C17-2
Added Pin To Net: NetName=3V3_uC Pin=C19-2
Added Pin To Net: NetName=3V3_uC Pin=C21-2
Added Pin To Net: NetName=3V3_uC Pin=C22-2
Added Pin To Net: NetName=3V3_uC Pin=C23-2
Added Pin To Net: NetName=3V3_uC Pin=C24-01
Added Pin To Net: NetName=3V3_uC Pin=C25-A1
Added Pin To Net: NetName=3V3_uC Pin=C25-A2
Added Pin To Net: NetName=3V3_uC Pin=C25-A3
Added Pin To Net: NetName=3V3_uC Pin=C25-A4
Added Pin To Net: NetName=3V3_uC Pin=C25-A5
Added Pin To Net: NetName=3V3_uC Pin=C25-A44
Added Pin To Net: NetName=3V3_uC Pin=C25-A45
Added Pin To Net: NetName=3V3_uC Pin=C25-A46
Added Pin To Net: NetName=3V3_uC Pin=C25-A47
Added Pin To Net: NetName=3V3_uC Pin=C25-A48
Added Pin To Net: NetName=3V3_uC Pin=C25-B1
Added Pin To Net: NetName=3V3_uC Pin=C25-B2
Added Pin To Net: NetName=3V3_uC Pin=C25-B3
Added Pin To Net: NetName=3V3_uC Pin=C25-B4
Added Pin To Net: NetName=3V3_uC Pin=C25-B5
Added Pin To Net: NetName=3V3_uC Pin=C25-B44
Added Pin To Net: NetName=3V3_uC Pin=C25-B45
Added Pin To Net: NetName=3V3_uC Pin=C25-B46
Added Pin To Net: NetName=3V3_uC Pin=C25-B47
Added Pin To Net: NetName=3V3_uC Pin=C25-B48
Added Pin To Net: NetName=3V3_uC Pin=IC1-17
Added Pin To Net: NetName=3V3_uC Pin=IC1-30
Added Pin To Net: NetName=3V3_uC Pin=IC1-32
Added Pin To Net: NetName=3V3_uC Pin=IC1-33
Added Pin To Net: NetName=3V3_uC Pin=IC1-39
Added Pin To Net: NetName=3V3_uC Pin=IC1-52
Added Pin To Net: NetName=3V3_uC Pin=IC1-62
Added Pin To Net: NetName=3V3_uC Pin=IC1-72
Added Pin To Net: NetName=3V3_uC Pin=IC1-84
Added Pin To Net: NetName=3V3_uC Pin=IC1-95
Added Pin To Net: NetName=3V3_uC Pin=IC1-108
Added Pin To Net: NetName=3V3_uC Pin=IC1-121
Added Pin To Net: NetName=3V3_uC Pin=IC1-131
Added Pin To Net: NetName=3V3_uC Pin=IC1-144
Added Net: Name=3V3_uC
Added Pin To Net: NetName=BOOT Pin=C25-B8
Added Pin To Net: NetName=BOOT Pin=IC1-138
Added Pin To Net: NetName=BOOT Pin=TP79-1
Added Net: Name=BOOT
Added Pin To Net: NetName=GND Pin=C1-1
Added Pin To Net: NetName=GND Pin=C1-2
Added Pin To Net: NetName=GND Pin=C1-A12
Added Pin To Net: NetName=GND Pin=C1-A18
Added Pin To Net: NetName=GND Pin=C1-A24
Added Pin To Net: NetName=GND Pin=C1-A25
Added Pin To Net: NetName=GND Pin=C1-A26
Added Pin To Net: NetName=GND Pin=C1-A27
Added Pin To Net: NetName=GND Pin=C1-A28
Added Pin To Net: NetName=GND Pin=C1-A34
Added Pin To Net: NetName=GND Pin=C1-A39
Added Pin To Net: NetName=GND Pin=C1-B12
Added Pin To Net: NetName=GND Pin=C1-B18
Added Pin To Net: NetName=GND Pin=C1-B24
Added Pin To Net: NetName=GND Pin=C1-B25
Added Pin To Net: NetName=GND Pin=C1-B26
Added Pin To Net: NetName=GND Pin=C1-B27
Added Pin To Net: NetName=GND Pin=C1-B28
Added Pin To Net: NetName=GND Pin=C1-B34
Added Pin To Net: NetName=GND Pin=C1-B39
Added Pin To Net: NetName=GND Pin=C1_RST-1
Added Pin To Net: NetName=GND Pin=C2-1
Added Pin To Net: NetName=GND Pin=C3-1
Added Pin To Net: NetName=GND Pin=C4-1
Added Pin To Net: NetName=GND Pin=C5-1
Added Pin To Net: NetName=GND Pin=C6-1
Added Pin To Net: NetName=GND Pin=C7-1
Added Pin To Net: NetName=GND Pin=C8-1
Added Pin To Net: NetName=GND Pin=C9-1
Added Pin To Net: NetName=GND Pin=C10-1
Added Pin To Net: NetName=GND Pin=C11-1
Added Pin To Net: NetName=GND Pin=C12-1
Added Pin To Net: NetName=GND Pin=C13-1
Added Pin To Net: NetName=GND Pin=C14-1
Added Pin To Net: NetName=GND Pin=C15-1
Added Pin To Net: NetName=GND Pin=C16-1
Added Pin To Net: NetName=GND Pin=C17-1
Added Pin To Net: NetName=GND Pin=C18-1
Added Pin To Net: NetName=GND Pin=C19-1
Added Pin To Net: NetName=GND Pin=C20-1
Added Pin To Net: NetName=GND Pin=C21-1
Added Pin To Net: NetName=GND Pin=C22-1
Added Pin To Net: NetName=GND Pin=C23-1
Added Pin To Net: NetName=GND Pin=C24-04
Added Pin To Net: NetName=GND Pin=C24-08
Added Pin To Net: NetName=GND Pin=C24-09
Added Pin To Net: NetName=GND Pin=C25-1
Added Pin To Net: NetName=GND Pin=C25-2
Added Pin To Net: NetName=GND Pin=C25-A12
Added Pin To Net: NetName=GND Pin=C25-A18
Added Pin To Net: NetName=GND Pin=C25-A24
Added Pin To Net: NetName=GND Pin=C25-A25
Added Pin To Net: NetName=GND Pin=C25-A26
Added Pin To Net: NetName=GND Pin=C25-A27
Added Pin To Net: NetName=GND Pin=C25-A28
Added Pin To Net: NetName=GND Pin=C25-A34
Added Pin To Net: NetName=GND Pin=C25-A39
Added Pin To Net: NetName=GND Pin=C25-B12
Added Pin To Net: NetName=GND Pin=C25-B18
Added Pin To Net: NetName=GND Pin=C25-B24
Added Pin To Net: NetName=GND Pin=C25-B25
Added Pin To Net: NetName=GND Pin=C25-B26
Added Pin To Net: NetName=GND Pin=C25-B27
Added Pin To Net: NetName=GND Pin=C25-B28
Added Pin To Net: NetName=GND Pin=C25-B34
Added Pin To Net: NetName=GND Pin=C25-B39
Added Pin To Net: NetName=GND Pin=IC1-16
Added Pin To Net: NetName=GND Pin=IC1-31
Added Pin To Net: NetName=GND Pin=IC1-38
Added Pin To Net: NetName=GND Pin=IC1-51
Added Pin To Net: NetName=GND Pin=IC1-61
Added Pin To Net: NetName=GND Pin=IC1-83
Added Pin To Net: NetName=GND Pin=IC1-94
Added Pin To Net: NetName=GND Pin=IC1-107
Added Pin To Net: NetName=GND Pin=IC1-120
Added Pin To Net: NetName=GND Pin=IC1-130
Added Pin To Net: NetName=GND Pin=XTAL_C1-1
Added Pin To Net: NetName=GND Pin=XTAL_C2-1
Added Net: Name=GND
Added Pin To Net: NetName=NetC1_B42 Pin=C1-B42
Added Pin To Net: NetName=NetC1_B42 Pin=TP37-1
Added Net: Name=NetC1_B42
Added Pin To Net: NetName=NetC1_RST_2 Pin=C1_RST-2
Added Net: Name=NetC1_RST_2
Added Pin To Net: NetName=NetC24_02 Pin=C24-02
Added Pin To Net: NetName=NetC24_02 Pin=IC1-105
Added Net: Name=NetC24_02
Added Pin To Net: NetName=NetC24_06 Pin=C24-06
Added Pin To Net: NetName=NetC24_06 Pin=IC1-109
Added Net: Name=NetC24_06
Added Pin To Net: NetName=NetC24_10 Pin=C24-10
Added Pin To Net: NetName=NetC24_10 Pin=IC1-133
Added Net: Name=NetC24_10
Added Pin To Net: NetName=NetIC1_23 Pin=IC1-23
Added Pin To Net: NetName=NetIC1_23 Pin=XTAL1-2
Added Pin To Net: NetName=NetIC1_23 Pin=XTAL_C1-2
Added Net: Name=NetIC1_23
Added Pin To Net: NetName=NetIC1_24 Pin=IC1-24
Added Pin To Net: NetName=NetIC1_24 Pin=XTAL_R1-2
Added Net: Name=NetIC1_24
Added Pin To Net: NetName=NetXTAL1_1 Pin=XTAL1-1
Added Pin To Net: NetName=NetXTAL1_1 Pin=XTAL_C2-2
Added Pin To Net: NetName=NetXTAL1_1 Pin=XTAL_R1-1
Added Net: Name=NetXTAL1_1
Added Pin To Net: NetName=NRST Pin=C1-B6
Added Pin To Net: NetName=NRST Pin=C1-B40
Added Pin To Net: NetName=NRST Pin=C24-05
Added Pin To Net: NetName=NRST Pin=IC1-25
Added Pin To Net: NetName=NRST Pin=TP1-1
Added Pin To Net: NetName=NRST Pin=TP35-1
Added Net: Name=NRST
Added Pin To Net: NetName=PA0 Pin=C1-A19
Added Pin To Net: NetName=PA0 Pin=IC1-34
Added Pin To Net: NetName=PA0 Pin=TP52-1
Added Net: Name=PA0
Added Pin To Net: NetName=PA1 Pin=C1-A20
Added Pin To Net: NetName=PA1 Pin=IC1-35
Added Pin To Net: NetName=PA1 Pin=TP53-1
Added Net: Name=PA1
Added Pin To Net: NetName=PA2 Pin=C1-A21
Added Pin To Net: NetName=PA2 Pin=IC1-36
Added Pin To Net: NetName=PA2 Pin=TP54-1
Added Net: Name=PA2
Added Pin To Net: NetName=PA3 Pin=C1-A22
Added Pin To Net: NetName=PA3 Pin=IC1-37
Added Pin To Net: NetName=PA3 Pin=TP55-1
Added Net: Name=PA3
Added Pin To Net: NetName=PA4 Pin=C1-A23
Added Pin To Net: NetName=PA4 Pin=IC1-40
Added Pin To Net: NetName=PA4 Pin=TP56-1
Added Net: Name=PA4
Added Pin To Net: NetName=PA5 Pin=C1-A29
Added Pin To Net: NetName=PA5 Pin=IC1-41
Added Pin To Net: NetName=PA5 Pin=TP62-1
Added Net: Name=PA5
Added Pin To Net: NetName=PA6 Pin=C1-A30
Added Pin To Net: NetName=PA6 Pin=IC1-42
Added Pin To Net: NetName=PA6 Pin=TP63-1
Added Net: Name=PA6
Added Pin To Net: NetName=PA7 Pin=C1-A31
Added Pin To Net: NetName=PA7 Pin=IC1-43
Added Pin To Net: NetName=PA7 Pin=TP64-1
Added Net: Name=PA7
Added Pin To Net: NetName=PA8 Pin=C25-B30
Added Pin To Net: NetName=PA8 Pin=IC1-100
Added Pin To Net: NetName=PA8 Pin=TP101-1
Added Net: Name=PA8
Added Pin To Net: NetName=PA9 Pin=C25-B29
Added Pin To Net: NetName=PA9 Pin=IC1-101
Added Pin To Net: NetName=PA9 Pin=TP100-1
Added Net: Name=PA9
Added Pin To Net: NetName=PA10 Pin=C25-B23
Added Pin To Net: NetName=PA10 Pin=IC1-102
Added Pin To Net: NetName=PA10 Pin=TP94-1
Added Net: Name=PA10
Added Pin To Net: NetName=PA11 Pin=C25-B22
Added Pin To Net: NetName=PA11 Pin=IC1-103
Added Pin To Net: NetName=PA11 Pin=TP93-1
Added Net: Name=PA11
Added Pin To Net: NetName=PA12 Pin=C25-B21
Added Pin To Net: NetName=PA12 Pin=IC1-104
Added Pin To Net: NetName=PA12 Pin=TP92-1
Added Net: Name=PA12
Added Pin To Net: NetName=PA15 Pin=C25-B20
Added Pin To Net: NetName=PA15 Pin=IC1-110
Added Pin To Net: NetName=PA15 Pin=TP91-1
Added Net: Name=PA15
Added Pin To Net: NetName=PB0 Pin=C1-B23
Added Pin To Net: NetName=PB0 Pin=IC1-46
Added Pin To Net: NetName=PB0 Pin=TP18-1
Added Net: Name=PB0
Added Pin To Net: NetName=PB1 Pin=C1-B29
Added Pin To Net: NetName=PB1 Pin=IC1-47
Added Pin To Net: NetName=PB1 Pin=TP24-1
Added Net: Name=PB1
Added Pin To Net: NetName=PB2 Pin=C1-B30
Added Pin To Net: NetName=PB2 Pin=IC1-48
Added Pin To Net: NetName=PB2 Pin=TP25-1
Added Net: Name=PB2
Added Pin To Net: NetName=PB4 Pin=C25-B15
Added Pin To Net: NetName=PB4 Pin=IC1-134
Added Pin To Net: NetName=PB4 Pin=TP86-1
Added Net: Name=PB4
Added Pin To Net: NetName=PB5 Pin=C25-B14
Added Pin To Net: NetName=PB5 Pin=IC1-135
Added Pin To Net: NetName=PB5 Pin=TP85-1
Added Net: Name=PB5
Added Pin To Net: NetName=PB6 Pin=C25-B13
Added Pin To Net: NetName=PB6 Pin=IC1-136
Added Pin To Net: NetName=PB6 Pin=TP84-1
Added Net: Name=PB6
Added Pin To Net: NetName=PB7 Pin=C25-B11
Added Pin To Net: NetName=PB7 Pin=IC1-137
Added Pin To Net: NetName=PB7 Pin=TP82-1
Added Net: Name=PB7
Added Pin To Net: NetName=PB8 Pin=C25-B10
Added Pin To Net: NetName=PB8 Pin=IC1-139
Added Pin To Net: NetName=PB8 Pin=TP81-1
Added Net: Name=PB8
Added Pin To Net: NetName=PB9 Pin=C25-B9
Added Pin To Net: NetName=PB9 Pin=IC1-140
Added Pin To Net: NetName=PB9 Pin=TP80-1
Added Net: Name=PB9
Added Pin To Net: NetName=PB10 Pin=C1-B37
Added Pin To Net: NetName=PB10 Pin=IC1-69
Added Pin To Net: NetName=PB10 Pin=TP32-1
Added Net: Name=PB10
Added Pin To Net: NetName=PB11 Pin=C1-B38
Added Pin To Net: NetName=PB11 Pin=IC1-70
Added Pin To Net: NetName=PB11 Pin=TP33-1
Added Net: Name=PB11
Added Pin To Net: NetName=PB12 Pin=C25-A43
Added Pin To Net: NetName=PB12 Pin=IC1-73
Added Pin To Net: NetName=PB12 Pin=TP152-1
Added Net: Name=PB12
Added Pin To Net: NetName=PB13 Pin=C25-A42
Added Pin To Net: NetName=PB13 Pin=IC1-74
Added Pin To Net: NetName=PB13 Pin=TP151-1
Added Net: Name=PB13
Added Pin To Net: NetName=PB14 Pin=C25-A41
Added Pin To Net: NetName=PB14 Pin=IC1-75
Added Pin To Net: NetName=PB14 Pin=TP150-1
Added Net: Name=PB14
Added Pin To Net: NetName=PB15 Pin=C25-A40
Added Pin To Net: NetName=PB15 Pin=IC1-76
Added Pin To Net: NetName=PB15 Pin=TP149-1
Added Net: Name=PB15
Added Pin To Net: NetName=PC0 Pin=C1-B16
Added Pin To Net: NetName=PC0 Pin=IC1-26
Added Pin To Net: NetName=PC0 Pin=TP11-1
Added Net: Name=PC0
Added Pin To Net: NetName=PC1 Pin=C1-B17
Added Pin To Net: NetName=PC1 Pin=IC1-27
Added Pin To Net: NetName=PC1 Pin=TP12-1
Added Net: Name=PC1
Added Pin To Net: NetName=PC2 Pin=C1-B19
Added Pin To Net: NetName=PC2 Pin=IC1-28
Added Pin To Net: NetName=PC2 Pin=TP14-1
Added Net: Name=PC2
Added Pin To Net: NetName=PC3 Pin=C1-B20
Added Pin To Net: NetName=PC3 Pin=IC1-29
Added Pin To Net: NetName=PC3 Pin=TP15-1
Added Net: Name=PC3
Added Pin To Net: NetName=PC4 Pin=C1-B21
Added Pin To Net: NetName=PC4 Pin=IC1-44
Added Pin To Net: NetName=PC4 Pin=TP16-1
Added Net: Name=PC4
Added Pin To Net: NetName=PC5 Pin=C1-B22
Added Pin To Net: NetName=PC5 Pin=IC1-45
Added Pin To Net: NetName=PC5 Pin=TP17-1
Added Net: Name=PC5
Added Pin To Net: NetName=PC6 Pin=C25-B35
Added Pin To Net: NetName=PC6 Pin=IC1-96
Added Pin To Net: NetName=PC6 Pin=TP106-1
Added Net: Name=PC6
Added Pin To Net: NetName=PC7 Pin=C25-B33
Added Pin To Net: NetName=PC7 Pin=IC1-97
Added Pin To Net: NetName=PC7 Pin=TP104-1
Added Net: Name=PC7
Added Pin To Net: NetName=PC8 Pin=C25-B32
Added Pin To Net: NetName=PC8 Pin=IC1-98
Added Pin To Net: NetName=PC8 Pin=TP103-1
Added Net: Name=PC8
Added Pin To Net: NetName=PC9 Pin=C25-B31
Added Pin To Net: NetName=PC9 Pin=IC1-99
Added Pin To Net: NetName=PC9 Pin=TP102-1
Added Net: Name=PC9
Added Pin To Net: NetName=PC10 Pin=C25-B19
Added Pin To Net: NetName=PC10 Pin=IC1-111
Added Pin To Net: NetName=PC10 Pin=TP90-1
Added Net: Name=PC10
Added Pin To Net: NetName=PC11 Pin=C25-B17
Added Pin To Net: NetName=PC11 Pin=IC1-112
Added Pin To Net: NetName=PC11 Pin=TP88-1
Added Net: Name=PC11
Added Pin To Net: NetName=PC12 Pin=C25-B16
Added Pin To Net: NetName=PC12 Pin=IC1-113
Added Pin To Net: NetName=PC12 Pin=TP87-1
Added Net: Name=PC12
Added Pin To Net: NetName=PC13 Pin=C1-B13
Added Pin To Net: NetName=PC13 Pin=IC1-7
Added Pin To Net: NetName=PC13 Pin=TP8-1
Added Net: Name=PC13
Added Pin To Net: NetName=PC14 Pin=C1-B14
Added Pin To Net: NetName=PC14 Pin=IC1-8
Added Pin To Net: NetName=PC14 Pin=TP9-1
Added Net: Name=PC14
Added Pin To Net: NetName=PC15 Pin=C1-B15
Added Pin To Net: NetName=PC15 Pin=IC1-9
Added Pin To Net: NetName=PC15 Pin=TP10-1
Added Net: Name=PC15
Added Pin To Net: NetName=PD0 Pin=C25-A23
Added Pin To Net: NetName=PD0 Pin=IC1-114
Added Pin To Net: NetName=PD0 Pin=TP132-1
Added Net: Name=PD0
Added Pin To Net: NetName=PD1 Pin=C25-A22
Added Pin To Net: NetName=PD1 Pin=IC1-115
Added Pin To Net: NetName=PD1 Pin=TP131-1
Added Net: Name=PD1
Added Pin To Net: NetName=PD2 Pin=C25-A21
Added Pin To Net: NetName=PD2 Pin=IC1-116
Added Pin To Net: NetName=PD2 Pin=TP130-1
Added Net: Name=PD2
Added Pin To Net: NetName=PD3 Pin=C25-A20
Added Pin To Net: NetName=PD3 Pin=IC1-117
Added Pin To Net: NetName=PD3 Pin=TP129-1
Added Net: Name=PD3
Added Pin To Net: NetName=PD4 Pin=C25-A19
Added Pin To Net: NetName=PD4 Pin=IC1-118
Added Pin To Net: NetName=PD4 Pin=TP128-1
Added Net: Name=PD4
Added Pin To Net: NetName=PD5 Pin=C25-A17
Added Pin To Net: NetName=PD5 Pin=IC1-119
Added Pin To Net: NetName=PD5 Pin=TP126-1
Added Net: Name=PD5
Added Pin To Net: NetName=PD6 Pin=C25-A16
Added Pin To Net: NetName=PD6 Pin=IC1-122
Added Pin To Net: NetName=PD6 Pin=TP125-1
Added Net: Name=PD6
Added Pin To Net: NetName=PD7 Pin=C25-A15
Added Pin To Net: NetName=PD7 Pin=IC1-123
Added Pin To Net: NetName=PD7 Pin=TP124-1
Added Net: Name=PD7
Added Pin To Net: NetName=PD8 Pin=C25-A37
Added Pin To Net: NetName=PD8 Pin=IC1-77
Added Pin To Net: NetName=PD8 Pin=TP146-1
Added Net: Name=PD8
Added Pin To Net: NetName=PD9 Pin=C25-A36
Added Pin To Net: NetName=PD9 Pin=IC1-78
Added Pin To Net: NetName=PD9 Pin=TP145-1
Added Net: Name=PD9
Added Pin To Net: NetName=PD10 Pin=C25-A35
Added Pin To Net: NetName=PD10 Pin=IC1-79
Added Pin To Net: NetName=PD10 Pin=TP144-1
Added Net: Name=PD10
Added Pin To Net: NetName=PD11 Pin=C25-A33
Added Pin To Net: NetName=PD11 Pin=IC1-80
Added Pin To Net: NetName=PD11 Pin=TP142-1
Added Net: Name=PD11
Added Pin To Net: NetName=PD12 Pin=C25-A32
Added Pin To Net: NetName=PD12 Pin=IC1-81
Added Pin To Net: NetName=PD12 Pin=TP141-1
Added Net: Name=PD12
Added Pin To Net: NetName=PD13 Pin=C25-A31
Added Pin To Net: NetName=PD13 Pin=IC1-82
Added Pin To Net: NetName=PD13 Pin=TP140-1
Added Net: Name=PD13
Added Pin To Net: NetName=PD14 Pin=C25-A30
Added Pin To Net: NetName=PD14 Pin=IC1-85
Added Pin To Net: NetName=PD14 Pin=TP139-1
Added Net: Name=PD14
Added Pin To Net: NetName=PD15 Pin=C25-A29
Added Pin To Net: NetName=PD15 Pin=IC1-86
Added Pin To Net: NetName=PD15 Pin=TP138-1
Added Net: Name=PD15
Added Pin To Net: NetName=PDR_ON Pin=C25-A6
Added Pin To Net: NetName=PDR_ON Pin=IC1-143
Added Pin To Net: NetName=PDR_ON Pin=TP115-1
Added Net: Name=PDR_ON
Added Pin To Net: NetName=PE0 Pin=C25-B7
Added Pin To Net: NetName=PE0 Pin=IC1-141
Added Pin To Net: NetName=PE0 Pin=TP78-1
Added Net: Name=PE0
Added Pin To Net: NetName=PE1 Pin=C25-B6
Added Pin To Net: NetName=PE1 Pin=IC1-142
Added Pin To Net: NetName=PE1 Pin=TP77-1
Added Net: Name=PE1
Added Pin To Net: NetName=PE2 Pin=C1-B7
Added Pin To Net: NetName=PE2 Pin=IC1-1
Added Pin To Net: NetName=PE2 Pin=TP2-1
Added Net: Name=PE2
Added Pin To Net: NetName=PE3 Pin=C1-B8
Added Pin To Net: NetName=PE3 Pin=IC1-2
Added Pin To Net: NetName=PE3 Pin=TP3-1
Added Net: Name=PE3
Added Pin To Net: NetName=PE4 Pin=C1-B9
Added Pin To Net: NetName=PE4 Pin=IC1-3
Added Pin To Net: NetName=PE4 Pin=TP4-1
Added Net: Name=PE4
Added Pin To Net: NetName=PE5 Pin=C1-B10
Added Pin To Net: NetName=PE5 Pin=IC1-4
Added Pin To Net: NetName=PE5 Pin=TP5-1
Added Net: Name=PE5
Added Pin To Net: NetName=PE6 Pin=C1-B11
Added Pin To Net: NetName=PE6 Pin=IC1-5
Added Pin To Net: NetName=PE6 Pin=TP6-1
Added Net: Name=PE6
Added Pin To Net: NetName=PE7 Pin=C1-A35
Added Pin To Net: NetName=PE7 Pin=IC1-58
Added Pin To Net: NetName=PE7 Pin=TP68-1
Added Net: Name=PE7
Added Pin To Net: NetName=PE8 Pin=C1-A36
Added Pin To Net: NetName=PE8 Pin=IC1-59
Added Pin To Net: NetName=PE8 Pin=TP69-1
Added Net: Name=PE8
Added Pin To Net: NetName=PE9 Pin=C1-A37
Added Pin To Net: NetName=PE9 Pin=IC1-60
Added Pin To Net: NetName=PE9 Pin=TP70-1
Added Net: Name=PE9
Added Pin To Net: NetName=PE10 Pin=C1-A38
Added Pin To Net: NetName=PE10 Pin=IC1-63
Added Pin To Net: NetName=PE10 Pin=TP71-1
Added Net: Name=PE10
Added Pin To Net: NetName=PE11 Pin=C1-A40
Added Pin To Net: NetName=PE11 Pin=IC1-64
Added Pin To Net: NetName=PE11 Pin=TP73-1
Added Net: Name=PE11
Added Pin To Net: NetName=PE12 Pin=C1-A41
Added Pin To Net: NetName=PE12 Pin=IC1-65
Added Pin To Net: NetName=PE12 Pin=TP74-1
Added Net: Name=PE12
Added Pin To Net: NetName=PE13 Pin=C1-A42
Added Pin To Net: NetName=PE13 Pin=IC1-66
Added Pin To Net: NetName=PE13 Pin=TP75-1
Added Net: Name=PE13
Added Pin To Net: NetName=PE14 Pin=C1-A43
Added Pin To Net: NetName=PE14 Pin=IC1-67
Added Pin To Net: NetName=PE14 Pin=TP76-1
Added Net: Name=PE14
Added Pin To Net: NetName=PE15 Pin=C1-B43
Added Pin To Net: NetName=PE15 Pin=IC1-68
Added Pin To Net: NetName=PE15 Pin=TP38-1
Added Net: Name=PE15
Added Pin To Net: NetName=PF0 Pin=C1-A6
Added Pin To Net: NetName=PF0 Pin=IC1-10
Added Pin To Net: NetName=PF0 Pin=TP39-1
Added Net: Name=PF0
Added Pin To Net: NetName=PF1 Pin=C1-A7
Added Pin To Net: NetName=PF1 Pin=IC1-11
Added Pin To Net: NetName=PF1 Pin=TP40-1
Added Net: Name=PF1
Added Pin To Net: NetName=PF2 Pin=C1-A8
Added Pin To Net: NetName=PF2 Pin=IC1-12
Added Pin To Net: NetName=PF2 Pin=TP41-1
Added Net: Name=PF2
Added Pin To Net: NetName=PF3 Pin=C1-A9
Added Pin To Net: NetName=PF3 Pin=IC1-13
Added Pin To Net: NetName=PF3 Pin=TP42-1
Added Net: Name=PF3
Added Pin To Net: NetName=PF4 Pin=C1-A10
Added Pin To Net: NetName=PF4 Pin=IC1-14
Added Pin To Net: NetName=PF4 Pin=TP43-1
Added Net: Name=PF4
Added Pin To Net: NetName=PF5 Pin=C1-A11
Added Pin To Net: NetName=PF5 Pin=IC1-15
Added Pin To Net: NetName=PF5 Pin=TP44-1
Added Net: Name=PF5
Added Pin To Net: NetName=PF6 Pin=C1-A13
Added Pin To Net: NetName=PF6 Pin=IC1-18
Added Pin To Net: NetName=PF6 Pin=TP46-1
Added Net: Name=PF6
Added Pin To Net: NetName=PF7 Pin=C1-A14
Added Pin To Net: NetName=PF7 Pin=IC1-19
Added Pin To Net: NetName=PF7 Pin=TP47-1
Added Net: Name=PF7
Added Pin To Net: NetName=PF8 Pin=C1-A15
Added Pin To Net: NetName=PF8 Pin=IC1-20
Added Pin To Net: NetName=PF8 Pin=TP48-1
Added Net: Name=PF8
Added Pin To Net: NetName=PF9 Pin=C1-A16
Added Pin To Net: NetName=PF9 Pin=IC1-21
Added Pin To Net: NetName=PF9 Pin=TP49-1
Added Net: Name=PF9
Added Pin To Net: NetName=PF10 Pin=C1-A17
Added Pin To Net: NetName=PF10 Pin=IC1-22
Added Pin To Net: NetName=PF10 Pin=TP50-1
Added Net: Name=PF10
Added Pin To Net: NetName=PF11 Pin=C1-B31
Added Pin To Net: NetName=PF11 Pin=IC1-49
Added Pin To Net: NetName=PF11 Pin=TP26-1
Added Net: Name=PF11
Added Pin To Net: NetName=PF12 Pin=C1-B32
Added Pin To Net: NetName=PF12 Pin=IC1-50
Added Pin To Net: NetName=PF12 Pin=TP27-1
Added Net: Name=PF12
Added Pin To Net: NetName=PF13 Pin=C1-B33
Added Pin To Net: NetName=PF13 Pin=IC1-53
Added Pin To Net: NetName=PF13 Pin=TP28-1
Added Net: Name=PF13
Added Pin To Net: NetName=PF14 Pin=C1-B35
Added Pin To Net: NetName=PF14 Pin=IC1-54
Added Pin To Net: NetName=PF14 Pin=TP30-1
Added Net: Name=PF14
Added Pin To Net: NetName=PF15 Pin=C1-B36
Added Pin To Net: NetName=PF15 Pin=IC1-55
Added Pin To Net: NetName=PF15 Pin=TP31-1
Added Net: Name=PF15
Added Pin To Net: NetName=PG0 Pin=C1-A32
Added Pin To Net: NetName=PG0 Pin=IC1-56
Added Pin To Net: NetName=PG0 Pin=TP65-1
Added Net: Name=PG0
Added Pin To Net: NetName=PG1 Pin=C1-A33
Added Pin To Net: NetName=PG1 Pin=IC1-57
Added Pin To Net: NetName=PG1 Pin=TP66-1
Added Net: Name=PG1
Added Pin To Net: NetName=PG2 Pin=C25-B43
Added Pin To Net: NetName=PG2 Pin=IC1-87
Added Pin To Net: NetName=PG2 Pin=TP114-1
Added Net: Name=PG2
Added Pin To Net: NetName=PG3 Pin=C25-B42
Added Pin To Net: NetName=PG3 Pin=IC1-88
Added Pin To Net: NetName=PG3 Pin=TP113-1
Added Net: Name=PG3
Added Pin To Net: NetName=PG4 Pin=C25-B41
Added Pin To Net: NetName=PG4 Pin=IC1-89
Added Pin To Net: NetName=PG4 Pin=TP112-1
Added Net: Name=PG4
Added Pin To Net: NetName=PG5 Pin=C25-B40
Added Pin To Net: NetName=PG5 Pin=IC1-90
Added Pin To Net: NetName=PG5 Pin=TP111-1
Added Net: Name=PG5
Added Pin To Net: NetName=PG6 Pin=C25-B38
Added Pin To Net: NetName=PG6 Pin=IC1-91
Added Pin To Net: NetName=PG6 Pin=TP109-1
Added Net: Name=PG6
Added Pin To Net: NetName=PG7 Pin=C25-B37
Added Pin To Net: NetName=PG7 Pin=IC1-92
Added Pin To Net: NetName=PG7 Pin=TP108-1
Added Net: Name=PG7
Added Pin To Net: NetName=PG8 Pin=C25-B36
Added Pin To Net: NetName=PG8 Pin=IC1-93
Added Pin To Net: NetName=PG8 Pin=TP107-1
Added Net: Name=PG8
Added Pin To Net: NetName=PG9 Pin=C25-A14
Added Pin To Net: NetName=PG9 Pin=IC1-124
Added Pin To Net: NetName=PG9 Pin=TP123-1
Added Net: Name=PG9
Added Pin To Net: NetName=PG10 Pin=C25-A13
Added Pin To Net: NetName=PG10 Pin=IC1-125
Added Pin To Net: NetName=PG10 Pin=TP122-1
Added Net: Name=PG10
Added Pin To Net: NetName=PG11 Pin=C25-A11
Added Pin To Net: NetName=PG11 Pin=IC1-126
Added Pin To Net: NetName=PG11 Pin=TP120-1
Added Net: Name=PG11
Added Pin To Net: NetName=PG12 Pin=C25-A10
Added Pin To Net: NetName=PG12 Pin=IC1-127
Added Pin To Net: NetName=PG12 Pin=TP119-1
Added Net: Name=PG12
Added Pin To Net: NetName=PG13 Pin=C25-A9
Added Pin To Net: NetName=PG13 Pin=IC1-128
Added Pin To Net: NetName=PG13 Pin=TP118-1
Added Net: Name=PG13
Added Pin To Net: NetName=PG14 Pin=C25-A8
Added Pin To Net: NetName=PG14 Pin=IC1-129
Added Pin To Net: NetName=PG14 Pin=TP117-1
Added Net: Name=PG14
Added Pin To Net: NetName=PG15 Pin=C25-A7
Added Pin To Net: NetName=PG15 Pin=IC1-132
Added Pin To Net: NetName=PG15 Pin=TP116-1
Added Net: Name=PG15
Added Pin To Net: NetName=VBAT Pin=C1-B41
Added Pin To Net: NetName=VBAT Pin=C10-2
Added Pin To Net: NetName=VBAT Pin=IC1-6
Added Pin To Net: NetName=VBAT Pin=TP36-1
Added Net: Name=VBAT
Added Pin To Net: NetName=VCAP_1 Pin=C18-2
Added Pin To Net: NetName=VCAP_1 Pin=IC1-71
Added Net: Name=VCAP_1
Added Pin To Net: NetName=VCAP_2 Pin=C20-2
Added Pin To Net: NetName=VCAP_2 Pin=IC1-106
Added Net: Name=VCAP_2
Added Class: Name=STM32_Brain
Added Room: Name=STM32_Brain
