Removed Pin From Net: NetName=NRST Pin=TP1-1
Removed Pin From Net: NetName=PE2 Pin=TP2-1
Removed Pin From Net: NetName=PE3 Pin=TP3-1
Removed Pin From Net: NetName=PE4 Pin=TP4-1
Removed Pin From Net: NetName=PE5 Pin=TP5-1
Removed Pin From Net: NetName=PE6 Pin=TP6-1
Removed Pin From Net: NetName=PC13 Pin=TP8-1
Removed Pin From Net: NetName=PC14 Pin=TP9-1
Removed Pin From Net: NetName=PC15 Pin=TP10-1
Removed Pin From Net: NetName=PC0 Pin=TP11-1
Removed Pin From Net: NetName=PC1 Pin=TP12-1
Removed Pin From Net: NetName=PC2 Pin=TP14-1
Removed Pin From Net: NetName=PC3 Pin=TP15-1
Removed Pin From Net: NetName=PC4 Pin=TP16-1
Removed Pin From Net: NetName=PC5 Pin=TP17-1
Removed Pin From Net: NetName=PB0 Pin=TP18-1
Removed Pin From Net: NetName=PB1 Pin=TP24-1
Removed Pin From Net: NetName=PB2 Pin=TP25-1
Removed Pin From Net: NetName=PF11 Pin=TP26-1
Removed Pin From Net: NetName=PF12 Pin=TP27-1
Removed Pin From Net: NetName=PF13 Pin=TP28-1
Removed Pin From Net: NetName=PF14 Pin=TP30-1
Removed Pin From Net: NetName=PF15 Pin=TP31-1
Removed Pin From Net: NetName=PB10 Pin=TP32-1
Removed Pin From Net: NetName=PB11 Pin=TP33-1
Removed Pin From Net: NetName=VBAT Pin=TP36-1
Removed Pin From Net: NetName=PE15 Pin=TP38-1
Removed Pin From Net: NetName=PF0 Pin=TP39-1
Removed Pin From Net: NetName=PF1 Pin=TP40-1
Removed Pin From Net: NetName=PF2 Pin=TP41-1
Removed Pin From Net: NetName=PF3 Pin=TP42-1
Removed Pin From Net: NetName=PF4 Pin=TP43-1
Removed Pin From Net: NetName=PF5 Pin=TP44-1
Removed Pin From Net: NetName=PF6 Pin=TP46-1
Removed Pin From Net: NetName=PF7 Pin=TP47-1
Removed Pin From Net: NetName=PF8 Pin=TP48-1
Removed Pin From Net: NetName=PF9 Pin=TP49-1
Removed Pin From Net: NetName=PF10 Pin=TP50-1
Removed Pin From Net: NetName=PA0 Pin=TP52-1
Removed Pin From Net: NetName=PA1 Pin=TP53-1
Removed Pin From Net: NetName=PA2 Pin=TP54-1
Removed Pin From Net: NetName=PA3 Pin=TP55-1
Removed Pin From Net: NetName=PA4 Pin=TP56-1
Removed Pin From Net: NetName=PA5 Pin=TP62-1
Removed Pin From Net: NetName=PA6 Pin=TP63-1
Removed Pin From Net: NetName=PA7 Pin=TP64-1
Removed Pin From Net: NetName=PG0 Pin=TP65-1
Removed Pin From Net: NetName=PG1 Pin=TP66-1
Removed Pin From Net: NetName=PE7 Pin=TP68-1
Removed Pin From Net: NetName=PE8 Pin=TP69-1
Removed Pin From Net: NetName=PE9 Pin=TP70-1
Removed Pin From Net: NetName=PE10 Pin=TP71-1
Removed Pin From Net: NetName=PE11 Pin=TP73-1
Removed Pin From Net: NetName=PE12 Pin=TP74-1
Removed Pin From Net: NetName=PE13 Pin=TP75-1
Removed Pin From Net: NetName=PE14 Pin=TP76-1
Removed Pin From Net: NetName=PE1 Pin=TP77-1
Removed Pin From Net: NetName=PE0 Pin=TP78-1
Removed Pin From Net: NetName=BOOT Pin=TP79-1
Removed Pin From Net: NetName=PB9 Pin=TP80-1
Removed Pin From Net: NetName=PB8 Pin=TP81-1
Removed Pin From Net: NetName=PB7 Pin=TP82-1
Removed Pin From Net: NetName=PB6 Pin=TP84-1
Removed Pin From Net: NetName=PB5 Pin=TP85-1
Removed Pin From Net: NetName=PB4 Pin=TP86-1
Removed Pin From Net: NetName=PC12 Pin=TP87-1
Removed Pin From Net: NetName=PC11 Pin=TP88-1
Removed Pin From Net: NetName=PC10 Pin=TP90-1
Removed Pin From Net: NetName=PA15 Pin=TP91-1
Removed Pin From Net: NetName=PA12 Pin=TP92-1
Removed Pin From Net: NetName=PA11 Pin=TP93-1
Removed Pin From Net: NetName=PA10 Pin=TP94-1
Removed Pin From Net: NetName=PA9 Pin=TP100-1
Removed Pin From Net: NetName=PA8 Pin=TP101-1
Removed Pin From Net: NetName=PC9 Pin=TP102-1
Removed Pin From Net: NetName=PC8 Pin=TP103-1
Removed Pin From Net: NetName=PC7 Pin=TP104-1
Removed Pin From Net: NetName=PC6 Pin=TP106-1
Removed Pin From Net: NetName=PG8 Pin=TP107-1
Removed Pin From Net: NetName=PG7 Pin=TP108-1
Removed Pin From Net: NetName=PG6 Pin=TP109-1
Removed Pin From Net: NetName=PG5 Pin=TP111-1
Removed Pin From Net: NetName=PG4 Pin=TP112-1
Removed Pin From Net: NetName=PG3 Pin=TP113-1
Removed Pin From Net: NetName=PG2 Pin=TP114-1
Removed Pin From Net: NetName=PDR_ON Pin=TP115-1
Removed Pin From Net: NetName=PG15 Pin=TP116-1
Removed Pin From Net: NetName=PG14 Pin=TP117-1
Removed Pin From Net: NetName=PG13 Pin=TP118-1
Removed Pin From Net: NetName=PG12 Pin=TP119-1
Removed Pin From Net: NetName=PG11 Pin=TP120-1
Removed Pin From Net: NetName=PG10 Pin=TP122-1
Removed Pin From Net: NetName=PG9 Pin=TP123-1
Removed Pin From Net: NetName=PD7 Pin=TP124-1
Removed Pin From Net: NetName=PD6 Pin=TP125-1
Removed Pin From Net: NetName=PD5 Pin=TP126-1
Removed Pin From Net: NetName=PD4 Pin=TP128-1
Removed Pin From Net: NetName=PD3 Pin=TP129-1
Removed Pin From Net: NetName=PD2 Pin=TP130-1
Removed Pin From Net: NetName=PD1 Pin=TP131-1
Removed Pin From Net: NetName=PD0 Pin=TP132-1
Removed Pin From Net: NetName=PD15 Pin=TP138-1
Removed Pin From Net: NetName=PD14 Pin=TP139-1
Removed Pin From Net: NetName=PD13 Pin=TP140-1
Removed Pin From Net: NetName=PD12 Pin=TP141-1
Removed Pin From Net: NetName=PD11 Pin=TP142-1
Removed Pin From Net: NetName=PD10 Pin=TP144-1
Removed Pin From Net: NetName=PD9 Pin=TP145-1
Removed Pin From Net: NetName=PD8 Pin=TP146-1
Removed Pin From Net: NetName=PB15 Pin=TP149-1
Removed Pin From Net: NetName=PB14 Pin=TP150-1
Removed Pin From Net: NetName=PB13 Pin=TP151-1
Removed Pin From Net: NetName=PB12 Pin=TP152-1
Removed Member From Class: ClassName=STM32_Brain Member=TP1
Removed Member From Class: ClassName=STM32_Brain Member=TP2
Removed Member From Class: ClassName=STM32_Brain Member=TP3
Removed Member From Class: ClassName=STM32_Brain Member=TP4
Removed Member From Class: ClassName=STM32_Brain Member=TP5
Removed Member From Class: ClassName=STM32_Brain Member=TP6
Removed Member From Class: ClassName=STM32_Brain Member=TP8
Removed Member From Class: ClassName=STM32_Brain Member=TP9
Removed Member From Class: ClassName=STM32_Brain Member=TP10
Removed Member From Class: ClassName=STM32_Brain Member=TP11
Removed Member From Class: ClassName=STM32_Brain Member=TP12
Removed Member From Class: ClassName=STM32_Brain Member=TP14
Removed Member From Class: ClassName=STM32_Brain Member=TP15
Removed Member From Class: ClassName=STM32_Brain Member=TP16
Removed Member From Class: ClassName=STM32_Brain Member=TP17
Removed Member From Class: ClassName=STM32_Brain Member=TP18
Removed Member From Class: ClassName=STM32_Brain Member=TP24
Removed Member From Class: ClassName=STM32_Brain Member=TP25
Removed Member From Class: ClassName=STM32_Brain Member=TP26
Removed Member From Class: ClassName=STM32_Brain Member=TP27
Removed Member From Class: ClassName=STM32_Brain Member=TP28
Removed Member From Class: ClassName=STM32_Brain Member=TP30
Removed Member From Class: ClassName=STM32_Brain Member=TP31
Removed Member From Class: ClassName=STM32_Brain Member=TP32
Removed Member From Class: ClassName=STM32_Brain Member=TP33
Removed Member From Class: ClassName=STM32_Brain Member=TP36
Removed Member From Class: ClassName=STM32_Brain Member=TP38
Removed Member From Class: ClassName=STM32_Brain Member=TP39
Removed Member From Class: ClassName=STM32_Brain Member=TP40
Removed Member From Class: ClassName=STM32_Brain Member=TP41
Removed Member From Class: ClassName=STM32_Brain Member=TP42
Removed Member From Class: ClassName=STM32_Brain Member=TP43
Removed Member From Class: ClassName=STM32_Brain Member=TP44
Removed Member From Class: ClassName=STM32_Brain Member=TP46
Removed Member From Class: ClassName=STM32_Brain Member=TP47
Removed Member From Class: ClassName=STM32_Brain Member=TP48
Removed Member From Class: ClassName=STM32_Brain Member=TP49
Removed Member From Class: ClassName=STM32_Brain Member=TP50
Removed Member From Class: ClassName=STM32_Brain Member=TP52
Removed Member From Class: ClassName=STM32_Brain Member=TP53
Removed Member From Class: ClassName=STM32_Brain Member=TP54
Removed Member From Class: ClassName=STM32_Brain Member=TP55
Removed Member From Class: ClassName=STM32_Brain Member=TP56
Removed Member From Class: ClassName=STM32_Brain Member=TP62
Removed Member From Class: ClassName=STM32_Brain Member=TP63
Removed Member From Class: ClassName=STM32_Brain Member=TP64
Removed Member From Class: ClassName=STM32_Brain Member=TP65
Removed Member From Class: ClassName=STM32_Brain Member=TP66
Removed Member From Class: ClassName=STM32_Brain Member=TP68
Removed Member From Class: ClassName=STM32_Brain Member=TP69
Removed Member From Class: ClassName=STM32_Brain Member=TP70
Removed Member From Class: ClassName=STM32_Brain Member=TP71
Removed Member From Class: ClassName=STM32_Brain Member=TP73
Removed Member From Class: ClassName=STM32_Brain Member=TP74
Removed Member From Class: ClassName=STM32_Brain Member=TP75
Removed Member From Class: ClassName=STM32_Brain Member=TP76
Removed Member From Class: ClassName=STM32_Brain Member=TP77
Removed Member From Class: ClassName=STM32_Brain Member=TP78
Removed Member From Class: ClassName=STM32_Brain Member=TP79
Removed Member From Class: ClassName=STM32_Brain Member=TP80
Removed Member From Class: ClassName=STM32_Brain Member=TP81
Removed Member From Class: ClassName=STM32_Brain Member=TP82
Removed Member From Class: ClassName=STM32_Brain Member=TP84
Removed Member From Class: ClassName=STM32_Brain Member=TP85
Removed Member From Class: ClassName=STM32_Brain Member=TP86
Removed Member From Class: ClassName=STM32_Brain Member=TP87
Removed Member From Class: ClassName=STM32_Brain Member=TP88
Removed Member From Class: ClassName=STM32_Brain Member=TP90
Removed Member From Class: ClassName=STM32_Brain Member=TP91
Removed Member From Class: ClassName=STM32_Brain Member=TP92
Removed Member From Class: ClassName=STM32_Brain Member=TP93
Removed Member From Class: ClassName=STM32_Brain Member=TP94
Removed Member From Class: ClassName=STM32_Brain Member=TP100
Removed Member From Class: ClassName=STM32_Brain Member=TP101
Removed Member From Class: ClassName=STM32_Brain Member=TP102
Removed Member From Class: ClassName=STM32_Brain Member=TP103
Removed Member From Class: ClassName=STM32_Brain Member=TP104
Removed Member From Class: ClassName=STM32_Brain Member=TP106
Removed Member From Class: ClassName=STM32_Brain Member=TP107
Removed Member From Class: ClassName=STM32_Brain Member=TP108
Removed Member From Class: ClassName=STM32_Brain Member=TP109
Removed Member From Class: ClassName=STM32_Brain Member=TP111
Removed Member From Class: ClassName=STM32_Brain Member=TP112
Removed Member From Class: ClassName=STM32_Brain Member=TP113
Removed Member From Class: ClassName=STM32_Brain Member=TP114
Removed Member From Class: ClassName=STM32_Brain Member=TP115
Removed Member From Class: ClassName=STM32_Brain Member=TP116
Removed Member From Class: ClassName=STM32_Brain Member=TP117
Removed Member From Class: ClassName=STM32_Brain Member=TP118
Removed Member From Class: ClassName=STM32_Brain Member=TP119
Removed Member From Class: ClassName=STM32_Brain Member=TP120
Removed Member From Class: ClassName=STM32_Brain Member=TP122
Removed Member From Class: ClassName=STM32_Brain Member=TP123
Removed Member From Class: ClassName=STM32_Brain Member=TP124
Removed Member From Class: ClassName=STM32_Brain Member=TP125
Removed Member From Class: ClassName=STM32_Brain Member=TP126
Removed Member From Class: ClassName=STM32_Brain Member=TP128
Removed Member From Class: ClassName=STM32_Brain Member=TP129
Removed Member From Class: ClassName=STM32_Brain Member=TP130
Removed Member From Class: ClassName=STM32_Brain Member=TP131
Removed Member From Class: ClassName=STM32_Brain Member=TP132
Removed Member From Class: ClassName=STM32_Brain Member=TP138
Removed Member From Class: ClassName=STM32_Brain Member=TP139
Removed Member From Class: ClassName=STM32_Brain Member=TP140
Removed Member From Class: ClassName=STM32_Brain Member=TP141
Removed Member From Class: ClassName=STM32_Brain Member=TP142
Removed Member From Class: ClassName=STM32_Brain Member=TP144
Removed Member From Class: ClassName=STM32_Brain Member=TP145
Removed Member From Class: ClassName=STM32_Brain Member=TP146
Removed Member From Class: ClassName=STM32_Brain Member=TP149
Removed Member From Class: ClassName=STM32_Brain Member=TP150
Removed Member From Class: ClassName=STM32_Brain Member=TP151
Removed Member From Class: ClassName=STM32_Brain Member=TP152
