Added Component: Designator=C1(Board To Board Connector)
Add component (AddParameter): Name = "ComponentLink1Description"; Value = "Digikey"; VariantName = "[No Variations]"
Add component (AddParameter): Name = "ComponentLink1URL"; Value = "https://www.digikey.com/en/products/detail/hirose-electric-co-ltd/FX10A-96S-SV/2041894"; VariantName = "[No Variations]"
Add component (AddParameter): Name = "Digikey Part Number"; Value = "H122463-ND"; VariantName = "[No Variations]"
Added Component: Designator=C25(Board To Board Connector)
Add component (AddParameter): Name = "ComponentLink1Description"; Value = "Digikey"; VariantName = "[No Variations]"
Add component (AddParameter): Name = "ComponentLink1URL"; Value = "https://www.digikey.com/en/products/detail/hirose-electric-co-ltd/FX10A-96S-SV/2041894"; VariantName = "[No Variations]"
Add component (AddParameter): Name = "Digikey Part Number"; Value = "H122463-ND"; VariantName = "[No Variations]"
Added Pin To Net: NetName=GND Pin=C1-1
Added Pin To Net: NetName=GND Pin=C1-2
Added Pin To Net: NetName=3V3_uC Pin=C1-A1
Added Pin To Net: NetName=3V3_uC Pin=C1-A2
Added Pin To Net: NetName=3V3_uC Pin=C1-A3
Added Pin To Net: NetName=3V3_uC Pin=C1-A4
Added Pin To Net: NetName=3V3_uC Pin=C1-A5
Added Pin To Net: NetName=PF0 Pin=C1-A6
Added Pin To Net: NetName=PF1 Pin=C1-A7
Added Pin To Net: NetName=PF2 Pin=C1-A8
Added Pin To Net: NetName=PF3 Pin=C1-A9
Added Pin To Net: NetName=PF4 Pin=C1-A10
Added Pin To Net: NetName=PF5 Pin=C1-A11
Added Pin To Net: NetName=GND Pin=C1-A12
Added Pin To Net: NetName=PF6 Pin=C1-A13
Added Pin To Net: NetName=PF7 Pin=C1-A14
Added Pin To Net: NetName=PF8 Pin=C1-A15
Added Pin To Net: NetName=PF9 Pin=C1-A16
Added Pin To Net: NetName=PF10 Pin=C1-A17
Added Pin To Net: NetName=GND Pin=C1-A18
Added Pin To Net: NetName=PA0 Pin=C1-A19
Added Pin To Net: NetName=PA1 Pin=C1-A20
Added Pin To Net: NetName=PA2 Pin=C1-A21
Added Pin To Net: NetName=PA3 Pin=C1-A22
Added Pin To Net: NetName=PA4 Pin=C1-A23
Added Pin To Net: NetName=GND Pin=C1-A24
Added Pin To Net: NetName=GND Pin=C1-A25
Added Pin To Net: NetName=GND Pin=C1-A26
Added Pin To Net: NetName=GND Pin=C1-A27
Added Pin To Net: NetName=GND Pin=C1-A28
Added Pin To Net: NetName=PA5 Pin=C1-A29
Added Pin To Net: NetName=PA6 Pin=C1-A30
Added Pin To Net: NetName=PA7 Pin=C1-A31
Added Pin To Net: NetName=PG0 Pin=C1-A32
Added Pin To Net: NetName=PG1 Pin=C1-A33
Added Pin To Net: NetName=GND Pin=C1-A34
Added Pin To Net: NetName=PE7 Pin=C1-A35
Added Pin To Net: NetName=PE8 Pin=C1-A36
Added Pin To Net: NetName=PE9 Pin=C1-A37
Added Pin To Net: NetName=PE10 Pin=C1-A38
Added Pin To Net: NetName=GND Pin=C1-A39
Added Pin To Net: NetName=PE11 Pin=C1-A40
Added Pin To Net: NetName=PE12 Pin=C1-A41
Added Pin To Net: NetName=PE13 Pin=C1-A42
Added Pin To Net: NetName=PE14 Pin=C1-A43
Added Pin To Net: NetName=3V3_uC Pin=C1-A44
Added Pin To Net: NetName=3V3_uC Pin=C1-A45
Added Pin To Net: NetName=3V3_uC Pin=C1-A46
Added Pin To Net: NetName=3V3_uC Pin=C1-A47
Added Pin To Net: NetName=3V3_uC Pin=C1-A48
Added Pin To Net: NetName=3V3_uC Pin=C1-B1
Added Pin To Net: NetName=3V3_uC Pin=C1-B2
Added Pin To Net: NetName=3V3_uC Pin=C1-B3
Added Pin To Net: NetName=3V3_uC Pin=C1-B4
Added Pin To Net: NetName=3V3_uC Pin=C1-B5
Added Pin To Net: NetName=NRST Pin=C1-B6
Added Pin To Net: NetName=PE2 Pin=C1-B7
Added Pin To Net: NetName=PE3 Pin=C1-B8
Added Pin To Net: NetName=PE4 Pin=C1-B9
Added Pin To Net: NetName=PE5 Pin=C1-B10
Added Pin To Net: NetName=PE6 Pin=C1-B11
Added Pin To Net: NetName=GND Pin=C1-B12
Added Pin To Net: NetName=PC13 Pin=C1-B13
Added Pin To Net: NetName=PC14 Pin=C1-B14
Added Pin To Net: NetName=PC15 Pin=C1-B15
Added Pin To Net: NetName=PC0 Pin=C1-B16
Added Pin To Net: NetName=PC1 Pin=C1-B17
Added Pin To Net: NetName=GND Pin=C1-B18
Added Pin To Net: NetName=PC2 Pin=C1-B19
Added Pin To Net: NetName=PC3 Pin=C1-B20
Added Pin To Net: NetName=PC4 Pin=C1-B21
Added Pin To Net: NetName=PC5 Pin=C1-B22
Added Pin To Net: NetName=PB0 Pin=C1-B23
Added Pin To Net: NetName=GND Pin=C1-B24
Added Pin To Net: NetName=GND Pin=C1-B25
Added Pin To Net: NetName=GND Pin=C1-B26
Added Pin To Net: NetName=GND Pin=C1-B27
Added Pin To Net: NetName=GND Pin=C1-B28
Added Pin To Net: NetName=PB1 Pin=C1-B29
Added Pin To Net: NetName=PB2 Pin=C1-B30
Added Pin To Net: NetName=PF11 Pin=C1-B31
Added Pin To Net: NetName=PF12 Pin=C1-B32
Added Pin To Net: NetName=PF13 Pin=C1-B33
Added Pin To Net: NetName=GND Pin=C1-B34
Added Pin To Net: NetName=PF14 Pin=C1-B35
Added Pin To Net: NetName=PF15 Pin=C1-B36
Added Pin To Net: NetName=PB10 Pin=C1-B37
Added Pin To Net: NetName=PB11 Pin=C1-B38
Added Pin To Net: NetName=GND Pin=C1-B39
Added Pin To Net: NetName=NRST Pin=C1-B40
Added Pin To Net: NetName=VBAT Pin=C1-B41
Added Pin To Net: NetName=NetC1_B42 Pin=C1-B42
Added Pin To Net: NetName=PE15 Pin=C1-B43
Added Pin To Net: NetName=3V3_uC Pin=C1-B44
Added Pin To Net: NetName=3V3_uC Pin=C1-B45
Added Pin To Net: NetName=3V3_uC Pin=C1-B46
Added Pin To Net: NetName=3V3_uC Pin=C1-B47
Added Pin To Net: NetName=3V3_uC Pin=C1-B48
Added Pin To Net: NetName=GND Pin=C25-1
Added Pin To Net: NetName=GND Pin=C25-2
Added Pin To Net: NetName=3V3_uC Pin=C25-A1
Added Pin To Net: NetName=3V3_uC Pin=C25-A2
Added Pin To Net: NetName=3V3_uC Pin=C25-A3
Added Pin To Net: NetName=3V3_uC Pin=C25-A4
Added Pin To Net: NetName=3V3_uC Pin=C25-A5
Added Pin To Net: NetName=PDR_ON Pin=C25-A6
Added Pin To Net: NetName=PG15 Pin=C25-A7
Added Pin To Net: NetName=PG14 Pin=C25-A8
Added Pin To Net: NetName=PG13 Pin=C25-A9
Added Pin To Net: NetName=PG12 Pin=C25-A10
Added Pin To Net: NetName=PG11 Pin=C25-A11
Added Pin To Net: NetName=GND Pin=C25-A12
Added Pin To Net: NetName=PG10 Pin=C25-A13
Added Pin To Net: NetName=PG9 Pin=C25-A14
Added Pin To Net: NetName=PD7 Pin=C25-A15
Added Pin To Net: NetName=PD6 Pin=C25-A16
Added Pin To Net: NetName=PD5 Pin=C25-A17
Added Pin To Net: NetName=GND Pin=C25-A18
Added Pin To Net: NetName=PD4 Pin=C25-A19
Added Pin To Net: NetName=PD3 Pin=C25-A20
Added Pin To Net: NetName=PD2 Pin=C25-A21
Added Pin To Net: NetName=PD1 Pin=C25-A22
Added Pin To Net: NetName=PD0 Pin=C25-A23
Added Pin To Net: NetName=GND Pin=C25-A24
Added Pin To Net: NetName=GND Pin=C25-A25
Added Pin To Net: NetName=GND Pin=C25-A26
Added Pin To Net: NetName=GND Pin=C25-A27
Added Pin To Net: NetName=GND Pin=C25-A28
Added Pin To Net: NetName=PD15 Pin=C25-A29
Added Pin To Net: NetName=PD14 Pin=C25-A30
Added Pin To Net: NetName=PD13 Pin=C25-A31
Added Pin To Net: NetName=PD12 Pin=C25-A32
Added Pin To Net: NetName=PD11 Pin=C25-A33
Added Pin To Net: NetName=GND Pin=C25-A34
Added Pin To Net: NetName=PD10 Pin=C25-A35
Added Pin To Net: NetName=PD9 Pin=C25-A36
Added Pin To Net: NetName=PD8 Pin=C25-A37
Added Pin To Net: NetName=GND Pin=C25-A39
Added Pin To Net: NetName=PB15 Pin=C25-A40
Added Pin To Net: NetName=PB14 Pin=C25-A41
Added Pin To Net: NetName=PB13 Pin=C25-A42
Added Pin To Net: NetName=PB12 Pin=C25-A43
Added Pin To Net: NetName=3V3_uC Pin=C25-A44
Added Pin To Net: NetName=3V3_uC Pin=C25-A45
Added Pin To Net: NetName=3V3_uC Pin=C25-A46
Added Pin To Net: NetName=3V3_uC Pin=C25-A47
Added Pin To Net: NetName=3V3_uC Pin=C25-A48
Added Pin To Net: NetName=3V3_uC Pin=C25-B1
Added Pin To Net: NetName=3V3_uC Pin=C25-B2
Added Pin To Net: NetName=3V3_uC Pin=C25-B3
Added Pin To Net: NetName=3V3_uC Pin=C25-B4
Added Pin To Net: NetName=3V3_uC Pin=C25-B5
Added Pin To Net: NetName=PE1 Pin=C25-B6
Added Pin To Net: NetName=PE0 Pin=C25-B7
Added Pin To Net: NetName=BOOT Pin=C25-B8
Added Pin To Net: NetName=PB9 Pin=C25-B9
Added Pin To Net: NetName=PB8 Pin=C25-B10
Added Pin To Net: NetName=PB7 Pin=C25-B11
Added Pin To Net: NetName=GND Pin=C25-B12
Added Pin To Net: NetName=PB6 Pin=C25-B13
Added Pin To Net: NetName=PB5 Pin=C25-B14
Added Pin To Net: NetName=PB4 Pin=C25-B15
Added Pin To Net: NetName=PC12 Pin=C25-B16
Added Pin To Net: NetName=PC11 Pin=C25-B17
Added Pin To Net: NetName=GND Pin=C25-B18
Added Pin To Net: NetName=PC10 Pin=C25-B19
Added Pin To Net: NetName=PA15 Pin=C25-B20
Added Pin To Net: NetName=PA12 Pin=C25-B21
Added Pin To Net: NetName=PA11 Pin=C25-B22
Added Pin To Net: NetName=PA10 Pin=C25-B23
Added Pin To Net: NetName=GND Pin=C25-B24
Added Pin To Net: NetName=GND Pin=C25-B25
Added Pin To Net: NetName=GND Pin=C25-B26
Added Pin To Net: NetName=GND Pin=C25-B27
Added Pin To Net: NetName=GND Pin=C25-B28
Added Pin To Net: NetName=PA9 Pin=C25-B29
Added Pin To Net: NetName=PA8 Pin=C25-B30
Added Pin To Net: NetName=PC9 Pin=C25-B31
Added Pin To Net: NetName=PC8 Pin=C25-B32
Added Pin To Net: NetName=PC7 Pin=C25-B33
Added Pin To Net: NetName=GND Pin=C25-B34
Added Pin To Net: NetName=PC6 Pin=C25-B35
Added Pin To Net: NetName=PG8 Pin=C25-B36
Added Pin To Net: NetName=PG7 Pin=C25-B37
Added Pin To Net: NetName=PG6 Pin=C25-B38
Added Pin To Net: NetName=GND Pin=C25-B39
Added Pin To Net: NetName=PG5 Pin=C25-B40
Added Pin To Net: NetName=PG4 Pin=C25-B41
Added Pin To Net: NetName=PG3 Pin=C25-B42
Added Pin To Net: NetName=PG2 Pin=C25-B43
Added Pin To Net: NetName=3V3_uC Pin=C25-B44
Added Pin To Net: NetName=3V3_uC Pin=C25-B45
Added Pin To Net: NetName=3V3_uC Pin=C25-B46
Added Pin To Net: NetName=3V3_uC Pin=C25-B47
Added Pin To Net: NetName=3V3_uC Pin=C25-B48
Added Pin To Net: NetName=NetC1_RST_2 Pin=PB1-b
Added Pin To Net: NetName=NetC1_RST_2 Pin=PB1-B
Added Member To Class: ClassName=STM32_Brain Member=Component C1 FX-10A 96PIN Board to Board connector 96 Pin
Added Member To Class: ClassName=STM32_Brain Member=Component C25 FX-10A 96PIN Board to Board connector 96 Pin
