Added Component: Designator=CEC2(Board To Board Connector)
Add component (AddParameter): Name = "ComponentLink1Description"; Value = "Digikey"; VariantName = "[No Variations]"
Add component (AddParameter): Name = "ComponentLink1URL"; Value = "https://www.digikey.com/en/products/detail/hirose-electric-co-ltd/FX10A-96S-SV/2041894"; VariantName = "[No Variations]"
Add component (AddParameter): Name = "Digikey Part Number"; Value = "H122463-ND"; VariantName = "[No Variations]"
Added Pin To Net: NetName=GND Pin=CEC2-1
Added Pin To Net: NetName=GND Pin=CEC2-2
Added Pin To Net: NetName=3V3_uC Pin=CEC2-A1
Added Pin To Net: NetName=3V3_uC Pin=CEC2-A2
Added Pin To Net: NetName=3V3_uC Pin=CEC2-A3
Added Pin To Net: NetName=3V3_uC Pin=CEC2-A4
Added Pin To Net: NetName=3V3_uC Pin=CEC2-A5
Added Pin To Net: NetName=PDR_ON Pin=CEC2-A6
Added Pin To Net: NetName=PG15 Pin=CEC2-A7
Added Pin To Net: NetName=PG14 Pin=CEC2-A8
Added Pin To Net: NetName=PG13 Pin=CEC2-A9
Added Pin To Net: NetName=PG12 Pin=CEC2-A10
Added Pin To Net: NetName=PG11 Pin=CEC2-A11
Added Pin To Net: NetName=GND Pin=CEC2-A12
Added Pin To Net: NetName=PG10 Pin=CEC2-A13
Added Pin To Net: NetName=PG9 Pin=CEC2-A14
Added Pin To Net: NetName=PD7 Pin=CEC2-A15
Added Pin To Net: NetName=PD6 Pin=CEC2-A16
Added Pin To Net: NetName=PD5 Pin=CEC2-A17
Added Pin To Net: NetName=GND Pin=CEC2-A18
Added Pin To Net: NetName=PD4 Pin=CEC2-A19
Added Pin To Net: NetName=PD3 Pin=CEC2-A20
Added Pin To Net: NetName=PD2 Pin=CEC2-A21
Added Pin To Net: NetName=PD1 Pin=CEC2-A22
Added Pin To Net: NetName=PD0 Pin=CEC2-A23
Added Pin To Net: NetName=GND Pin=CEC2-A24
Added Pin To Net: NetName=GND Pin=CEC2-A25
Added Pin To Net: NetName=GND Pin=CEC2-A26
Added Pin To Net: NetName=GND Pin=CEC2-A27
Added Pin To Net: NetName=GND Pin=CEC2-A28
Added Pin To Net: NetName=PD15 Pin=CEC2-A29
Added Pin To Net: NetName=PD14 Pin=CEC2-A30
Added Pin To Net: NetName=PD13 Pin=CEC2-A31
Added Pin To Net: NetName=PD12 Pin=CEC2-A32
Added Pin To Net: NetName=PD11 Pin=CEC2-A33
Added Pin To Net: NetName=GND Pin=CEC2-A34
Added Pin To Net: NetName=PD10 Pin=CEC2-A35
Added Pin To Net: NetName=PD9 Pin=CEC2-A36
Added Pin To Net: NetName=PD8 Pin=CEC2-A37
Added Pin To Net: NetName=GND Pin=CEC2-A39
Added Pin To Net: NetName=PB15 Pin=CEC2-A40
Added Pin To Net: NetName=PB14 Pin=CEC2-A41
Added Pin To Net: NetName=PB13 Pin=CEC2-A42
Added Pin To Net: NetName=PB12 Pin=CEC2-A43
Added Pin To Net: NetName=3V3_uC Pin=CEC2-A44
Added Pin To Net: NetName=3V3_uC Pin=CEC2-A45
Added Pin To Net: NetName=3V3_uC Pin=CEC2-A46
Added Pin To Net: NetName=3V3_uC Pin=CEC2-A47
Added Pin To Net: NetName=3V3_uC Pin=CEC2-A48
Added Pin To Net: NetName=3V3_uC Pin=CEC2-B1
Added Pin To Net: NetName=3V3_uC Pin=CEC2-B2
Added Pin To Net: NetName=3V3_uC Pin=CEC2-B3
Added Pin To Net: NetName=3V3_uC Pin=CEC2-B4
Added Pin To Net: NetName=3V3_uC Pin=CEC2-B5
Added Pin To Net: NetName=PE1 Pin=CEC2-B6
Added Pin To Net: NetName=PE0 Pin=CEC2-B7
Added Pin To Net: NetName=PB9 Pin=CEC2-B8
Added Pin To Net: NetName=PB8 Pin=CEC2-B9
Added Pin To Net: NetName=BOOT Pin=CEC2-B10
Added Pin To Net: NetName=PB7 Pin=CEC2-B11
Added Pin To Net: NetName=GND Pin=CEC2-B12
Added Pin To Net: NetName=PB6 Pin=CEC2-B13
Added Pin To Net: NetName=PB5 Pin=CEC2-B14
Added Pin To Net: NetName=PB4 Pin=CEC2-B15
Added Pin To Net: NetName=PC12 Pin=CEC2-B16
Added Pin To Net: NetName=PC11 Pin=CEC2-B17
Added Pin To Net: NetName=GND Pin=CEC2-B18
Added Pin To Net: NetName=PC10 Pin=CEC2-B19
Added Pin To Net: NetName=PA15 Pin=CEC2-B20
Added Pin To Net: NetName=PA12 Pin=CEC2-B21
Added Pin To Net: NetName=PA11 Pin=CEC2-B22
Added Pin To Net: NetName=PA10 Pin=CEC2-B23
Added Pin To Net: NetName=GND Pin=CEC2-B24
Added Pin To Net: NetName=GND Pin=CEC2-B25
Added Pin To Net: NetName=GND Pin=CEC2-B26
Added Pin To Net: NetName=GND Pin=CEC2-B27
Added Pin To Net: NetName=GND Pin=CEC2-B28
Added Pin To Net: NetName=PA9 Pin=CEC2-B29
Added Pin To Net: NetName=PA8 Pin=CEC2-B30
Added Pin To Net: NetName=PC9 Pin=CEC2-B31
Added Pin To Net: NetName=PC8 Pin=CEC2-B32
Added Pin To Net: NetName=PC7 Pin=CEC2-B33
Added Pin To Net: NetName=GND Pin=CEC2-B34
Added Pin To Net: NetName=PC6 Pin=CEC2-B35
Added Pin To Net: NetName=PG8 Pin=CEC2-B36
Added Pin To Net: NetName=PG7 Pin=CEC2-B37
Added Pin To Net: NetName=PG6 Pin=CEC2-B38
Added Pin To Net: NetName=GND Pin=CEC2-B39
Added Pin To Net: NetName=PG5 Pin=CEC2-B40
Added Pin To Net: NetName=PG4 Pin=CEC2-B41
Added Pin To Net: NetName=PG3 Pin=CEC2-B42
Added Pin To Net: NetName=PG2 Pin=CEC2-B43
Added Pin To Net: NetName=3V3_uC Pin=CEC2-B44
Added Pin To Net: NetName=3V3_uC Pin=CEC2-B45
Added Pin To Net: NetName=3V3_uC Pin=CEC2-B46
Added Pin To Net: NetName=3V3_uC Pin=CEC2-B47
Added Pin To Net: NetName=3V3_uC Pin=CEC2-B48
Added Member To Class: ClassName=STM32_Brain Member=Component C24 FTSH-105
Added Member To Class: ClassName=STM32_Brain Member=Component CEC1 FX-10A 96PIN Board to Board connector 96 Pin
Added Member To Class: ClassName=STM32_Brain Member=Component CEC2 FX-10A 96PIN Board to Board connector 96 Pin
